cd C:\Users\ISA Group\git\ideas-module-iagree; "JAVA_HOME=C:\\Program Files\\Java\\jdk1.7.0_75" M2_HOME=C:\\apache-maven-3.3.3 cmd /c "\"\"C:\\apache-maven-3.3.3\\bin\\mvn.cmd\" -Dmaven.ext.class.path=\"C:\\Program Files\\NetBeans 8.1\\java\\maven-nblib\\netbeans-eventspy.jar\" clean install\""
Scanning for projects...
------------------------------------------------------------------------
Reactor Build Order:

ideas-module-iagree
ideas-common-iagree
ideas-language-iagree-agreement
ideas-language-iagree-offer
ideas-language-iagree-template
                                                                        
------------------------------------------------------------------------
Building ideas-module-iagree 0.8.1
------------------------------------------------------------------------

--- maven-clean-plugin:2.5:clean (default-clean) @ ideas-module-iagree ---

--- maven-install-plugin:2.4:install (default-install) @ ideas-module-iagree ---
Installing C:\Users\ISA Group\git\ideas-module-iagree\pom.xml to C:\Users\ISA Group\.m2\repository\es\us\isa\ideas\module\ideas-module-iagree\0.8.1\ideas-module-iagree-0.8.1.pom
                                                                        
------------------------------------------------------------------------
Building ideas-common-iagree 0.8.1
------------------------------------------------------------------------

--- maven-clean-plugin:2.5:clean (default-clean) @ ideas-common-iagree ---
Deleting C:\Users\ISA Group\git\ideas-module-iagree\ideas-common-iagree\target

--- maven-resources-plugin:2.6:resources (default-resources) @ ideas-common-iagree ---
Using 'UTF-8' encoding to copy filtered resources.
Copying 1 resource

--- maven-compiler-plugin:3.2:compile (default-compile) @ ideas-common-iagree ---
Changes detected - recompiling the module!
Compiling 4 source files to C:\Users\ISA Group\git\ideas-module-iagree\ideas-common-iagree\target\classes
/C:/Users/ISA Group/git/ideas-module-iagree/ideas-common-iagree/src/main/java/es/us/isa/ideas/iagree/util/TranslateUtil.java: C:\Users\ISA Group\git\ideas-module-iagree\ideas-common-iagree\src\main\java\es\us\isa\ideas\iagree\util\TranslateUtil.java uses unchecked or unsafe operations.
/C:/Users/ISA Group/git/ideas-module-iagree/ideas-common-iagree/src/main/java/es/us/isa/ideas/iagree/util/TranslateUtil.java: Recompile with -Xlint:unchecked for details.

--- maven-resources-plugin:2.6:testResources (default-testResources) @ ideas-common-iagree ---
Using 'UTF-8' encoding to copy filtered resources.
Copying 18 resources

--- maven-compiler-plugin:3.2:testCompile (default-testCompile) @ ideas-common-iagree ---
Changes detected - recompiling the module!
Compiling 5 source files to C:\Users\ISA Group\git\ideas-module-iagree\ideas-common-iagree\target\test-classes

--- maven-surefire-plugin:2.12.4:test (default-test) @ ideas-common-iagree ---
Surefire report directory: C:\Users\ISA Group\git\ideas-module-iagree\ideas-common-iagree\target\surefire-reports

-------------------------------------------------------
 T E S T S
-------------------------------------------------------
Running es.us.isa.ideas.iagree.common.test.TestAzureCompliance
Tests run: 6, Failures: 0, Errors: 0, Skipped: 0, Time elapsed: 7.183 sec
Running es.us.isa.ideas.iagree.common.test.TestExpression
Tests run: 5, Failures: 0, Errors: 0, Skipped: 0, Time elapsed: 0 sec
Running es.us.isa.ideas.iagree.common.test.TestIAgreeModel
Tests run: 3, Failures: 0, Errors: 0, Skipped: 0, Time elapsed: 0.031 sec
Running es.us.isa.ideas.iagree.common.test.TestOperationsWebReasoner
Tests run: 15, Failures: 0, Errors: 0, Skipped: 0, Time elapsed: 49.617 sec
Running es.us.isa.ideas.iagree.common.test.TestPapamoscas
Tests run: 2, Failures: 0, Errors: 0, Skipped: 0, Time elapsed: 0.5 sec

Results :

Tests run: 31, Failures: 0, Errors: 0, Skipped: 0


--- maven-jar-plugin:2.4:jar (default-jar) @ ideas-common-iagree ---
Building jar: C:\Users\ISA Group\git\ideas-module-iagree\ideas-common-iagree\target\ideas-common-iagree-0.8.1.jar

--- maven-install-plugin:2.4:install (default-install) @ ideas-common-iagree ---
Installing C:\Users\ISA Group\git\ideas-module-iagree\ideas-common-iagree\target\ideas-common-iagree-0.8.1.jar to C:\Users\ISA Group\.m2\repository\es\us\isa\ideas\module\iagree\ideas-common-iagree\0.8.1\ideas-common-iagree-0.8.1.jar
Installing C:\Users\ISA Group\git\ideas-module-iagree\ideas-common-iagree\pom.xml to C:\Users\ISA Group\.m2\repository\es\us\isa\ideas\module\iagree\ideas-common-iagree\0.8.1\ideas-common-iagree-0.8.1.pom
                                                                        
------------------------------------------------------------------------
Building ideas-language-iagree-agreement 0.8.1
------------------------------------------------------------------------

--- maven-clean-plugin:2.5:clean (default-clean) @ ideas-language-iagree-agreement ---
Deleting C:\Users\ISA Group\git\ideas-module-iagree\languages\ideas-language-iagree-agreement\target

--- maven-resources-plugin:2.6:resources (default-resources) @ ideas-language-iagree-agreement ---
Using 'UTF-8' encoding to copy filtered resources.
Copying 8 resources

--- maven-compiler-plugin:3.2:compile (default-compile) @ ideas-language-iagree-agreement ---
Changes detected - recompiling the module!
Compiling 2 source files to C:\Users\ISA Group\git\ideas-module-iagree\languages\ideas-language-iagree-agreement\target\classes
/C:/Users/ISA Group/git/ideas-module-iagree/languages/ideas-language-iagree-agreement/src/main/java/es/us/isa/ideas/controller/iagree/AgreementLanguageController.java: C:\Users\ISA Group\git\ideas-module-iagree\languages\ideas-language-iagree-agreement\src\main\java\es\us\isa\ideas\controller\iagree\AgreementLanguageController.java uses or overrides a deprecated API.
/C:/Users/ISA Group/git/ideas-module-iagree/languages/ideas-language-iagree-agreement/src/main/java/es/us/isa/ideas/controller/iagree/AgreementLanguageController.java: Recompile with -Xlint:deprecation for details.

--- maven-resources-plugin:2.6:testResources (default-testResources) @ ideas-language-iagree-agreement ---
Using 'UTF-8' encoding to copy filtered resources.
skip non existing resourceDirectory C:\Users\ISA Group\git\ideas-module-iagree\languages\ideas-language-iagree-agreement\src\test\resources

--- maven-compiler-plugin:3.2:testCompile (default-testCompile) @ ideas-language-iagree-agreement ---
No sources to compile

--- maven-surefire-plugin:2.12.4:test (default-test) @ ideas-language-iagree-agreement ---
No tests to run.

--- maven-war-plugin:2.2:war (default-war) @ ideas-language-iagree-agreement ---
Packaging webapp
Assembling webapp [ideas-language-iagree-agreement] in [C:\Users\ISA Group\git\ideas-module-iagree\languages\ideas-language-iagree-agreement\target\ideas-language-iagree-agreement-0.8.1]
Processing war project
Copying webapp resources [C:\Users\ISA Group\git\ideas-module-iagree\languages\ideas-language-iagree-agreement\src\main\webapp]
Webapp assembled in [187 msecs]
Building war: C:\Users\ISA Group\git\ideas-module-iagree\languages\ideas-language-iagree-agreement\target\ideas-language-iagree-agreement-0.8.1.war
WEB-INF\web.xml already added, skipping

--- maven-install-plugin:2.4:install (default-install) @ ideas-language-iagree-agreement ---
Installing C:\Users\ISA Group\git\ideas-module-iagree\languages\ideas-language-iagree-agreement\target\ideas-language-iagree-agreement-0.8.1.war to C:\Users\ISA Group\.m2\repository\es\us\isa\ideas\module\iagree\ideas-language-iagree-agreement\0.8.1\ideas-language-iagree-agreement-0.8.1.war
Installing C:\Users\ISA Group\git\ideas-module-iagree\languages\ideas-language-iagree-agreement\pom.xml to C:\Users\ISA Group\.m2\repository\es\us\isa\ideas\module\iagree\ideas-language-iagree-agreement\0.8.1\ideas-language-iagree-agreement-0.8.1.pom
                                                                        
------------------------------------------------------------------------
Building ideas-language-iagree-offer 0.8.1
------------------------------------------------------------------------

--- maven-clean-plugin:2.5:clean (default-clean) @ ideas-language-iagree-offer ---
Deleting C:\Users\ISA Group\git\ideas-module-iagree\languages\ideas-language-iagree-offer\target

--- maven-resources-plugin:2.6:resources (default-resources) @ ideas-language-iagree-offer ---
Using 'UTF-8' encoding to copy filtered resources.
Copying 13 resources

--- maven-compiler-plugin:3.2:compile (default-compile) @ ideas-language-iagree-offer ---
Changes detected - recompiling the module!
Compiling 2 source files to C:\Users\ISA Group\git\ideas-module-iagree\languages\ideas-language-iagree-offer\target\classes
/C:/Users/ISA Group/git/ideas-module-iagree/languages/ideas-language-iagree-offer/src/main/java/es/us/isa/ideas/controller/iagree/OfferLanguageController.java: C:\Users\ISA Group\git\ideas-module-iagree\languages\ideas-language-iagree-offer\src\main\java\es\us\isa\ideas\controller\iagree\OfferLanguageController.java uses or overrides a deprecated API.
/C:/Users/ISA Group/git/ideas-module-iagree/languages/ideas-language-iagree-offer/src/main/java/es/us/isa/ideas/controller/iagree/OfferLanguageController.java: Recompile with -Xlint:deprecation for details.

--- maven-resources-plugin:2.6:testResources (default-testResources) @ ideas-language-iagree-offer ---
Using 'UTF-8' encoding to copy filtered resources.
skip non existing resourceDirectory C:\Users\ISA Group\git\ideas-module-iagree\languages\ideas-language-iagree-offer\src\test\resources

--- maven-compiler-plugin:3.2:testCompile (default-testCompile) @ ideas-language-iagree-offer ---
Nothing to compile - all classes are up to date

--- maven-surefire-plugin:2.12.4:test (default-test) @ ideas-language-iagree-offer ---
No tests to run.

--- maven-war-plugin:2.2:war (default-war) @ ideas-language-iagree-offer ---
Packaging webapp
Assembling webapp [ideas-language-iagree-offer] in [C:\Users\ISA Group\git\ideas-module-iagree\languages\ideas-language-iagree-offer\target\ideas-language-iagree-offer-0.8.1]
Processing war project
Copying webapp resources [C:\Users\ISA Group\git\ideas-module-iagree\languages\ideas-language-iagree-offer\src\main\webapp]
Webapp assembled in [172 msecs]
Building war: C:\Users\ISA Group\git\ideas-module-iagree\languages\ideas-language-iagree-offer\target\ideas-language-iagree-offer-0.8.1.war
WEB-INF\web.xml already added, skipping

--- maven-install-plugin:2.4:install (default-install) @ ideas-language-iagree-offer ---
Installing C:\Users\ISA Group\git\ideas-module-iagree\languages\ideas-language-iagree-offer\target\ideas-language-iagree-offer-0.8.1.war to C:\Users\ISA Group\.m2\repository\es\us\isa\ideas\module\iagree\ideas-language-iagree-offer\0.8.1\ideas-language-iagree-offer-0.8.1.war
Installing C:\Users\ISA Group\git\ideas-module-iagree\languages\ideas-language-iagree-offer\pom.xml to C:\Users\ISA Group\.m2\repository\es\us\isa\ideas\module\iagree\ideas-language-iagree-offer\0.8.1\ideas-language-iagree-offer-0.8.1.pom
                                                                        
------------------------------------------------------------------------
Building ideas-language-iagree-template 0.8.1
------------------------------------------------------------------------

--- maven-clean-plugin:2.5:clean (default-clean) @ ideas-language-iagree-template ---
Deleting C:\Users\ISA Group\git\ideas-module-iagree\languages\ideas-language-iagree-template\target

--- maven-resources-plugin:2.6:resources (default-resources) @ ideas-language-iagree-template ---
Using 'UTF-8' encoding to copy filtered resources.
Copying 7 resources

--- maven-compiler-plugin:3.2:compile (default-compile) @ ideas-language-iagree-template ---
Changes detected - recompiling the module!
Compiling 2 source files to C:\Users\ISA Group\git\ideas-module-iagree\languages\ideas-language-iagree-template\target\classes
/C:/Users/ISA Group/git/ideas-module-iagree/languages/ideas-language-iagree-template/src/main/java/es/us/isa/ideas/controller/iagree/TemplateLanguageController.java: C:\Users\ISA Group\git\ideas-module-iagree\languages\ideas-language-iagree-template\src\main\java\es\us\isa\ideas\controller\iagree\TemplateLanguageController.java uses or overrides a deprecated API.
/C:/Users/ISA Group/git/ideas-module-iagree/languages/ideas-language-iagree-template/src/main/java/es/us/isa/ideas/controller/iagree/TemplateLanguageController.java: Recompile with -Xlint:deprecation for details.

--- maven-resources-plugin:2.6:testResources (default-testResources) @ ideas-language-iagree-template ---
Using 'UTF-8' encoding to copy filtered resources.
skip non existing resourceDirectory C:\Users\ISA Group\git\ideas-module-iagree\languages\ideas-language-iagree-template\src\test\resources

--- maven-compiler-plugin:3.2:testCompile (default-testCompile) @ ideas-language-iagree-template ---
Changes detected - recompiling the module!
Compiling 1 source file to C:\Users\ISA Group\git\ideas-module-iagree\languages\ideas-language-iagree-template\target\test-classes

--- maven-surefire-plugin:2.12.4:test (default-test) @ ideas-language-iagree-template ---
Surefire report directory: C:\Users\ISA Group\git\ideas-module-iagree\languages\ideas-language-iagree-template\target\surefire-reports

-------------------------------------------------------
 T E S T S
-------------------------------------------------------

Results :

Tests run: 0, Failures: 0, Errors: 0, Skipped: 0


--- maven-war-plugin:2.2:war (default-war) @ ideas-language-iagree-template ---
Packaging webapp
Assembling webapp [ideas-language-iagree-template] in [C:\Users\ISA Group\git\ideas-module-iagree\languages\ideas-language-iagree-template\target\ideas-language-iagree-template-0.8.1]
Processing war project
Copying webapp resources [C:\Users\ISA Group\git\ideas-module-iagree\languages\ideas-language-iagree-template\src\main\webapp]
Webapp assembled in [188 msecs]
Building war: C:\Users\ISA Group\git\ideas-module-iagree\languages\ideas-language-iagree-template\target\ideas-language-iagree-template-0.8.1.war
WEB-INF\web.xml already added, skipping

--- maven-install-plugin:2.4:install (default-install) @ ideas-language-iagree-template ---
Installing C:\Users\ISA Group\git\ideas-module-iagree\languages\ideas-language-iagree-template\target\ideas-language-iagree-template-0.8.1.war to C:\Users\ISA Group\.m2\repository\es\us\isa\ideas\module\iagree\ideas-language-iagree-template\0.8.1\ideas-language-iagree-template-0.8.1.war
Installing C:\Users\ISA Group\git\ideas-module-iagree\languages\ideas-language-iagree-template\pom.xml to C:\Users\ISA Group\.m2\repository\es\us\isa\ideas\module\iagree\ideas-language-iagree-template\0.8.1\ideas-language-iagree-template-0.8.1.pom
------------------------------------------------------------------------
Reactor Summary:

ideas-module-iagree ................................ SUCCESS [  0.250 s]
ideas-common-iagree ................................ SUCCESS [ 59.520 s]
ideas-language-iagree-agreement .................... SUCCESS [  1.486 s]
ideas-language-iagree-offer ........................ SUCCESS [  1.260 s]
ideas-language-iagree-template ..................... SUCCESS [  2.031 s]
------------------------------------------------------------------------
BUILD SUCCESS
------------------------------------------------------------------------
Total time: 01:04 min
Finished at: 2016-04-06T15:22:15+02:00
Final Memory: 25M/242M
------------------------------------------------------------------------

