cd C:\Users\Usuario\Documents\wsSite\ideas-iagree-module; "JAVA_HOME=C:\\Program Files\\Java\\jdk1.7.0_79" "M2_HOME=C:\\Program Files\\NetBeans 8.1\\java\\maven-lastest" cmd /c "\"\"C:\\Program Files\\NetBeans 8.1\\java\\maven-lastest\\bin\\mvn.cmd\" -Dmaven.ext.class.path=\"C:\\Program Files\\NetBeans 8.1\\java\\maven-nblib\\netbeans-eventspy.jar\" test\""
Scanning for projects...
------------------------------------------------------------------------
Reactor Build Order:

ideas-iagree-module
ideas-iagree-common
ideas-iagree-template-language
ideas-iagree-offer-language
ideas-iagree-agreement-language
                                                                        
------------------------------------------------------------------------
Building ideas-iagree-module 0.7
------------------------------------------------------------------------
                                                                        
------------------------------------------------------------------------
Building ideas-iagree-common 0.7
------------------------------------------------------------------------

--- maven-resources-plugin:2.6:resources (default-resources) @ ideas-iagree-common ---
Using 'UTF-8' encoding to copy filtered resources.
Copying 1 resource

--- maven-compiler-plugin:3.2:compile (default-compile) @ ideas-iagree-common ---
Nothing to compile - all classes are up to date

--- maven-resources-plugin:2.6:testResources (default-testResources) @ ideas-iagree-common ---
Using 'UTF-8' encoding to copy filtered resources.
Copying 18 resources

--- maven-compiler-plugin:3.2:testCompile (default-testCompile) @ ideas-iagree-common ---
Nothing to compile - all classes are up to date

--- maven-surefire-plugin:2.12.4:test (default-test) @ ideas-iagree-common ---
Surefire report directory: C:\Users\Usuario\Documents\wsSite\ideas-iagree-module\ideas-iagree-common\target\surefire-reports

-------------------------------------------------------
 T E S T S
-------------------------------------------------------
Running es.us.isa.ideas.iagree.common.test.TestAzureCompliance
Tests run: 6, Failures: 0, Errors: 0, Skipped: 0, Time elapsed: 0.815 sec
Running es.us.isa.ideas.iagree.common.test.TestExpression
Tests run: 5, Failures: 0, Errors: 0, Skipped: 0, Time elapsed: 0.001 sec
Running es.us.isa.ideas.iagree.common.test.TestIAgreeModel
Tests run: 3, Failures: 0, Errors: 0, Skipped: 0, Time elapsed: 0.001 sec
Running es.us.isa.ideas.iagree.common.test.TestOperationsWebReasoner
Tests run: 15, Failures: 0, Errors: 0, Skipped: 0, Time elapsed: 2.614 sec
Running es.us.isa.ideas.iagree.common.test.TestPapamoscas
Tests run: 2, Failures: 0, Errors: 0, Skipped: 0, Time elapsed: 0.033 sec

Results :

Tests run: 31, Failures: 0, Errors: 0, Skipped: 0

                                                                        
------------------------------------------------------------------------
Building ideas-iagree-template-language 0.7
------------------------------------------------------------------------

--- maven-resources-plugin:2.6:resources (default-resources) @ ideas-iagree-template-language ---
Using 'UTF-8' encoding to copy filtered resources.
Copying 8 resources

--- maven-compiler-plugin:3.2:compile (default-compile) @ ideas-iagree-template-language ---
Nothing to compile - all classes are up to date

--- maven-resources-plugin:2.6:testResources (default-testResources) @ ideas-iagree-template-language ---
Using 'UTF-8' encoding to copy filtered resources.
skip non existing resourceDirectory C:\Users\Usuario\Documents\wsSite\ideas-iagree-module\languages\ideas-iagree-template-language\src\test\resources

--- maven-compiler-plugin:3.2:testCompile (default-testCompile) @ ideas-iagree-template-language ---
Nothing to compile - all classes are up to date

--- maven-surefire-plugin:2.12.4:test (default-test) @ ideas-iagree-template-language ---
Surefire report directory: C:\Users\Usuario\Documents\wsSite\ideas-iagree-module\languages\ideas-iagree-template-language\target\surefire-reports

-------------------------------------------------------
 T E S T S
-------------------------------------------------------

Results :

Tests run: 0, Failures: 0, Errors: 0, Skipped: 0

                                                                        
------------------------------------------------------------------------
Building ideas-iagree-offer-language 0.7
------------------------------------------------------------------------

--- maven-resources-plugin:2.6:resources (default-resources) @ ideas-iagree-offer-language ---
Using 'UTF-8' encoding to copy filtered resources.
Copying 13 resources

--- maven-compiler-plugin:3.2:compile (default-compile) @ ideas-iagree-offer-language ---
Nothing to compile - all classes are up to date

--- maven-resources-plugin:2.6:testResources (default-testResources) @ ideas-iagree-offer-language ---
Using 'UTF-8' encoding to copy filtered resources.
skip non existing resourceDirectory C:\Users\Usuario\Documents\wsSite\ideas-iagree-module\languages\ideas-iagree-offer-language\src\test\resources

--- maven-compiler-plugin:3.2:testCompile (default-testCompile) @ ideas-iagree-offer-language ---
Nothing to compile - all classes are up to date

--- maven-surefire-plugin:2.12.4:test (default-test) @ ideas-iagree-offer-language ---
                                                                        
------------------------------------------------------------------------
Building ideas-iagree-agreement-language 0.7
------------------------------------------------------------------------

--- maven-resources-plugin:2.6:resources (default-resources) @ ideas-iagree-agreement-language ---
Using 'UTF-8' encoding to copy filtered resources.
Copying 8 resources

--- maven-compiler-plugin:3.2:compile (default-compile) @ ideas-iagree-agreement-language ---
Nothing to compile - all classes are up to date

--- maven-resources-plugin:2.6:testResources (default-testResources) @ ideas-iagree-agreement-language ---
Using 'UTF-8' encoding to copy filtered resources.
skip non existing resourceDirectory C:\Users\Usuario\Documents\wsSite\ideas-iagree-module\languages\ideas-iagree-agreement-language\src\test\resources

--- maven-compiler-plugin:3.2:testCompile (default-testCompile) @ ideas-iagree-agreement-language ---
No sources to compile

--- maven-surefire-plugin:2.12.4:test (default-test) @ ideas-iagree-agreement-language ---
------------------------------------------------------------------------
Reactor Summary:

ideas-iagree-module ................................ SUCCESS [  0.002 s]
ideas-iagree-common ................................ SUCCESS [  6.719 s]
ideas-iagree-template-language ..................... SUCCESS [  0.783 s]
ideas-iagree-offer-language ........................ SUCCESS [  0.101 s]
ideas-iagree-agreement-language .................... SUCCESS [  0.061 s]
------------------------------------------------------------------------
BUILD SUCCESS
------------------------------------------------------------------------
Total time: 7.793 s
Finished at: 2016-01-18T11:50:30+01:00
Final Memory: 11M/156M
------------------------------------------------------------------------

